Using pre-set license
Built from '2021.3/staging' branch; Version is '2021.3.22f1 (b6c551784ba3) revision 11978065'; Using compiler version '192829333'; Build Type 'Release'
OS: 'Windows 10  (10.0.19045) 64bit Professional' Language: 'ru' Physical Memory: 6092 MB
BatchMode: 1, IsHumanControllingUs: 0, StartBugReporterOnCrash: 0, Is64bit: 1, IsPro: 1

COMMAND LINE ARGUMENTS:
C:\Program Files\Unity\Hub\Editor\2021.3.22f1\Editor\Unity.exe
-adb2
-batchMode
-noUpm
-name
AssetImportWorker0
-projectPath
C:/Users/prive/OneDrive/Документы/GitHub/-/MapDungeon1
-logFile
Logs/AssetImportWorker0.log
-srvPort
51607
Successfully changed project path to: C:/Users/prive/OneDrive/Документы/GitHub/-/MapDungeon1
C:/Users/prive/OneDrive/Документы/GitHub/-/MapDungeon1
[UnityMemory] Configuration Parameters - Can be set up in boot.config
    "memorysetup-bucket-allocator-granularity=16"
    "memorysetup-bucket-allocator-bucket-count=8"
    "memorysetup-bucket-allocator-block-size=33554432"
    "memorysetup-bucket-allocator-block-count=8"
    "memorysetup-main-allocator-block-size=16777216"
    "memorysetup-thread-allocator-block-size=16777216"
    "memorysetup-gfx-main-allocator-block-size=16777216"
    "memorysetup-gfx-thread-allocator-block-size=16777216"
    "memorysetup-cache-allocator-block-size=4194304"
    "memorysetup-typetree-allocator-block-size=2097152"
    "memorysetup-profiler-bucket-allocator-granularity=16"
    "memorysetup-profiler-bucket-allocator-bucket-count=8"
    "memorysetup-profiler-bucket-allocator-block-size=33554432"
    "memorysetup-profiler-bucket-allocator-block-count=8"
    "memorysetup-profiler-allocator-block-size=16777216"
    "memorysetup-profiler-editor-allocator-block-size=1048576"
    "memorysetup-temp-allocator-size-main=16777216"
    "memorysetup-job-temp-allocator-block-size=2097152"
    "memorysetup-job-temp-allocator-block-size-background=1048576"
    "memorysetup-job-temp-allocator-reduction-small-platforms=262144"
    "memorysetup-temp-allocator-size-background-worker=32768"
    "memorysetup-temp-allocator-size-job-worker=262144"
    "memorysetup-temp-allocator-size-preload-manager=33554432"
    "memorysetup-temp-allocator-size-nav-mesh-worker=65536"
    "memorysetup-temp-allocator-size-audio-worker=65536"
    "memorysetup-temp-allocator-size-cloud-worker=32768"
    "memorysetup-temp-allocator-size-gi-baking-worker=262144"
    "memorysetup-temp-allocator-size-gfx=262144"
Player connection [14328] Host "[IP] 192.168.100.46 [Port] 0 [Flags] 2 [Guid] 762405462 [EditorId] 762405462 [Version] 1048832 [Id] WindowsEditor(7,DESKTOP-7RNOBOE) [Debug] 1 [PackageName] WindowsEditor [ProjectName] Editor" joined multi-casting on [225.0.0.222:54997]...

Player connection [14328] Host "[IP] 192.168.100.46 [Port] 0 [Flags] 2 [Guid] 762405462 [EditorId] 762405462 [Version] 1048832 [Id] WindowsEditor(7,DESKTOP-7RNOBOE) [Debug] 1 [PackageName] WindowsEditor [ProjectName] Editor" joined alternative multi-casting on [225.0.0.222:34997]...

Refreshing native plugins compatible for Editor in 108.30 ms, found 3 plugins.
Preloading 0 native plugins for Editor in 0.00 ms.
Initialize engine version: 2021.3.22f1 (b6c551784ba3)
[Subsystems] Discovering subsystems at path C:/Program Files/Unity/Hub/Editor/2021.3.22f1/Editor/Data/Resources/UnitySubsystems
[Subsystems] Discovering subsystems at path C:/Users/prive/OneDrive/Документы/GitHub/-/MapDungeon1/Assets
GfxDevice: creating device client; threaded=0; jobified=0
Direct3D:
    Version:  Direct3D 11.0 [level 11.1]
    Renderer: AMD Radeon(TM) Vega 8 Graphics (ID=0x15d8)
    Vendor:   ATI
    VRAM:     3046 MB
    Driver:   31.0.14001.45012
Initialize mono
Mono path[0] = 'C:/Program Files/Unity/Hub/Editor/2021.3.22f1/Editor/Data/Managed'
Mono path[1] = 'C:/Program Files/Unity/Hub/Editor/2021.3.22f1/Editor/Data/MonoBleedingEdge/lib/mono/unityjit-win32'
Mono config path = 'C:/Program Files/Unity/Hub/Editor/2021.3.22f1/Editor/Data/MonoBleedingEdge/etc'
Using monoOptions --debugger-agent=transport=dt_socket,embedding=1,server=y,suspend=n,address=127.0.0.1:56168
Begin MonoManager ReloadAssembly
Registering precompiled unity dll's ...
Register platform support module: C:/Program Files/Unity/Hub/Editor/2021.3.22f1/Editor/Data/PlaybackEngines/WebGLSupport/UnityEditor.WebGL.Extensions.dll
Register platform support module: C:/Program Files/Unity/Hub/Editor/2021.3.22f1/Editor/Data/PlaybackEngines/WindowsStandaloneSupport/UnityEditor.WindowsStandalone.Extensions.dll
Registered in 0.017594 seconds.
Native extension for WindowsStandalone target not found
Native extension for WebGL target not found
Refreshing native plugins compatible for Editor in 114.03 ms, found 3 plugins.
Preloading 0 native plugins for Editor in 0.00 ms.
Mono: successfully reloaded assembly
- Completed reload, in  1.289 seconds
Domain Reload Profiling:
	ReloadAssembly (1292ms)
		BeginReloadAssembly (227ms)
			ExecutionOrderSort (0ms)
			DisableScriptedObjects (0ms)
			BackupInstance (0ms)
			ReleaseScriptingObjects (0ms)
			CreateAndSetChildDomain (1ms)
		EndReloadAssembly (902ms)
			LoadAssemblies (225ms)
			RebuildTransferFunctionScriptingTraits (0ms)
			SetupTypeCache (175ms)
			ReleaseScriptCaches (0ms)
			RebuildScriptCaches (40ms)
			SetupLoadedEditorAssemblies (580ms)
				LogAssemblyErrors (0ms)
				InitializePlatformSupportModulesInManaged (14ms)
				SetLoadedEditorAssemblies (0ms)
				RefreshPlugins (114ms)
				BeforeProcessingInitializeOnLoad (2ms)
				ProcessInitializeOnLoadAttributes (296ms)
				ProcessInitializeOnLoadMethodAttributes (154ms)
				AfterProcessingInitializeOnLoad (0ms)
				EditorAssembliesLoaded (0ms)
			ExecutionOrderSort2 (0ms)
			AwakeInstancesAfterBackupRestoration (0ms)
Platform modules already initialized, skipping
Registering precompiled user dll's ...
Registered in 0.030632 seconds.
Begin MonoManager ReloadAssembly
Symbol file LoadedFromMemory doesn't match image C:\Users\prive\OneDrive\Документы\GitHub\-\MapDungeon1\Library\PackageCache\com.unity.visualscripting@1.8.0\Editor\VisualScripting.Core\Dependencies\YamlDotNet\Unity.VisualScripting.YamlDotNet.dll
Symbol file LoadedFromMemory doesn't match image C:\Users\prive\OneDrive\Документы\GitHub\-\MapDungeon1\Library\PackageCache\com.unity.visualscripting@1.8.0\Editor\VisualScripting.Core\Dependencies\DotNetZip\Unity.VisualScripting.IonicZip.dll
Native extension for WindowsStandalone target not found
Native extension for WebGL target not found
Refreshing native plugins compatible for Editor in 0.76 ms, found 3 plugins.
Preloading 0 native plugins for Editor in 0.00 ms.
Mono: successfully reloaded assembly
- Completed reload, in  2.166 seconds
Domain Reload Profiling:
	ReloadAssembly (2168ms)
		BeginReloadAssembly (222ms)
			ExecutionOrderSort (0ms)
			DisableScriptedObjects (9ms)
			BackupInstance (0ms)
			ReleaseScriptingObjects (0ms)
			CreateAndSetChildDomain (31ms)
		EndReloadAssembly (1723ms)
			LoadAssemblies (406ms)
			RebuildTransferFunctionScriptingTraits (0ms)
			SetupTypeCache (493ms)
			ReleaseScriptCaches (1ms)
			RebuildScriptCaches (154ms)
			SetupLoadedEditorAssemblies (607ms)
				LogAssemblyErrors (0ms)
				InitializePlatformSupportModulesInManaged (16ms)
				SetLoadedEditorAssemblies (1ms)
				RefreshPlugins (1ms)
				BeforeProcessingInitializeOnLoad (141ms)
				ProcessInitializeOnLoadAttributes (405ms)
				ProcessInitializeOnLoadMethodAttributes (27ms)
				AfterProcessingInitializeOnLoad (15ms)
				EditorAssembliesLoaded (0ms)
			ExecutionOrderSort2 (0ms)
			AwakeInstancesAfterBackupRestoration (9ms)
Platform modules already initialized, skipping
========================================================================
Worker process is ready to serve import requests
Launched and connected shader compiler UnityShaderCompiler.exe after 0.09 seconds
Refreshing native plugins compatible for Editor in 0.80 ms, found 3 plugins.
Preloading 0 native plugins for Editor in 0.00 ms.
Unloading 3125 Unused Serialized files (Serialized files now loaded: 0)
Unloading 24 unused Assets / (113.8 KB). Loaded Objects now: 3586.
Memory consumption went from 110.2 MB to 110.1 MB.
Total: 3.527900 ms (FindLiveObjects: 0.327900 ms CreateObjectMapping: 0.136600 ms MarkObjects: 2.874300 ms  DeleteObjects: 0.187600 ms)

AssetImportParameters requested are different than current active one (requested -> active):
  custom:video-decoder-ogg-theora: a1e56fd34408186e4bbccfd4996cb3dc -> 
  custom:container-muxer-webm: aa71ff27fc2769a1b78a27578f13a17b -> 
  custom:container-demuxer-webm: 4f35f7cbe854078d1ac9338744f61a02 -> 
  custom:video-encoder-webm-vp8: eb34c28f22e8b96e1ab97ce403110664 -> 
  custom:audio-encoder-webm-vorbis: bf7c407c2cedff20999df2af8eb42d56 -> 
  custom:framework-win-MediaFoundation: 216162199b28c13a410421893ffa2e32 -> 
  custom:container-demuxer-ogg: 62fdf1f143b41e24485cea50d1cbac27 -> 
  custom:video-decoder-webm-vp8: 9c59270c3fd7afecdb556c50c9e8de78 -> 
  custom:audio-decoder-ogg-vorbis: bf7c407c2cedff20999df2af8eb42d56 -> 
========================================================================
Received Import Request.
  Time since last request: 9580.562406 seconds.
  path: Assets/Kevin Iglesias/Skeleton Animations/Prefabs/Skeleton.prefab
  artifactKey: Guid(fcc7e72ef9922724c9dbe91fe1141293) Importer(815301076,1909f56bfc062723c751e8b465ee728b)
Start importing Assets/Kevin Iglesias/Skeleton Animations/Prefabs/Skeleton.prefab using Guid(fcc7e72ef9922724c9dbe91fe1141293) Importer(815301076,1909f56bfc062723c751e8b465ee728b)  -> (artifact id: 'a6dcd0f4dc39a1dd7f627ebb1498bda5') in 0.277009 seconds 
========================================================================
Received Import Request.
  Time since last request: 7.551869 seconds.
  path: Assets/Kevin Iglesias/Skeleton Animations/Animations/script/IDLEBEHAIDER.cs
  artifactKey: Guid(8cc24ff91ffa41040a6a3f006f76681e) Importer(815301076,1909f56bfc062723c751e8b465ee728b)
Start importing Assets/Kevin Iglesias/Skeleton Animations/Animations/script/IDLEBEHAIDER.cs using Guid(8cc24ff91ffa41040a6a3f006f76681e) Importer(815301076,1909f56bfc062723c751e8b465ee728b)  -> (artifact id: '9cf0305540d8004e93191648b68c44ad') in 0.017271 seconds 
========================================================================
Received Import Request.
  Time since last request: 237.978192 seconds.
  path: Assets/Kevin Iglesias/Skeleton Animations/Animations/script/IDLEBEHAIDER.cs
  artifactKey: Guid(8cc24ff91ffa41040a6a3f006f76681e) Importer(815301076,1909f56bfc062723c751e8b465ee728b)
Start importing Assets/Kevin Iglesias/Skeleton Animations/Animations/script/IDLEBEHAIDER.cs using Guid(8cc24ff91ffa41040a6a3f006f76681e) Importer(815301076,1909f56bfc062723c751e8b465ee728b)  -> (artifact id: 'd78ef0d446a60babfa7a480478dc896c') in 0.009516 seconds 
========================================================================
Received Import Request.
  Time since last request: 45.541379 seconds.
  path: Assets/NewBehaviourScript.cs
  artifactKey: Guid(06b70b5c69c2fb648a8368caf84bc3e5) Importer(815301076,1909f56bfc062723c751e8b465ee728b)
Start importing Assets/NewBehaviourScript.cs using Guid(06b70b5c69c2fb648a8368caf84bc3e5) Importer(815301076,1909f56bfc062723c751e8b465ee728b)  -> (artifact id: '99fca9aeefa6e213103e0e971d1ade63') in 0.015572 seconds 
========================================================================
Received Import Request.
  Time since last request: 12.916766 seconds.
  path: Assets/Kevin Iglesias/Skeleton Animations/AnimatorControllers/Skeleton@Idle.controller
  artifactKey: Guid(f893d78148eef4541b5a78c4b4571608) Importer(815301076,1909f56bfc062723c751e8b465ee728b)
Start importing Assets/Kevin Iglesias/Skeleton Animations/AnimatorControllers/Skeleton@Idle.controller using Guid(f893d78148eef4541b5a78c4b4571608) Importer(815301076,1909f56bfc062723c751e8b465ee728b)  -> (artifact id: '0679aa8741bec9e737220ddaf451fcad') in 0.037090 seconds 
========================================================================
Received Import Request.
  Time since last request: 20.925294 seconds.
  path: Assets/script/IDLEBEHAIDER.cs
  artifactKey: Guid(8cc24ff91ffa41040a6a3f006f76681e) Importer(815301076,1909f56bfc062723c751e8b465ee728b)
Start importing Assets/script/IDLEBEHAIDER.cs using Guid(8cc24ff91ffa41040a6a3f006f76681e) Importer(815301076,1909f56bfc062723c751e8b465ee728b)  -> (artifact id: '098257a7d7656122cd39d27c9ad7d33d') in 0.011189 seconds 
========================================================================
Received Import Request.
  Time since last request: 61.744438 seconds.
  path: Assets/script/IDLEBEHAIDER.cs
  artifactKey: Guid(8cc24ff91ffa41040a6a3f006f76681e) Importer(815301076,1909f56bfc062723c751e8b465ee728b)
Start importing Assets/script/IDLEBEHAIDER.cs using Guid(8cc24ff91ffa41040a6a3f006f76681e) Importer(815301076,1909f56bfc062723c751e8b465ee728b)  -> (artifact id: '16c049c2c8252cc15b50308403145a9e') in 0.009867 seconds 
========================================================================
Received Import Request.
  Time since last request: 57.064817 seconds.
  path: Assets/script/IDLEBEHAIDER.cs
  artifactKey: Guid(8cc24ff91ffa41040a6a3f006f76681e) Importer(815301076,1909f56bfc062723c751e8b465ee728b)
Start importing Assets/script/IDLEBEHAIDER.cs using Guid(8cc24ff91ffa41040a6a3f006f76681e) Importer(815301076,1909f56bfc062723c751e8b465ee728b)  -> (artifact id: '00ad2d66fc9c4f3ce14181a1835365f3') in 0.003417 seconds 
========================================================================
Received Import Request.
  Time since last request: 121.823845 seconds.
  path: Assets/script/IDLEBEHAIDER.cs
  artifactKey: Guid(8cc24ff91ffa41040a6a3f006f76681e) Importer(815301076,1909f56bfc062723c751e8b465ee728b)
Start importing Assets/script/IDLEBEHAIDER.cs using Guid(8cc24ff91ffa41040a6a3f006f76681e) Importer(815301076,1909f56bfc062723c751e8b465ee728b)  -> (artifact id: '6db8cd92142127282cdeac5c4b716409') in 0.014721 seconds 
========================================================================
Received Import Request.
  Time since last request: 133.132805 seconds.
  path: Assets/script/IDLEBEHAIDER.cs
  artifactKey: Guid(8cc24ff91ffa41040a6a3f006f76681e) Importer(815301076,1909f56bfc062723c751e8b465ee728b)
Start importing Assets/script/IDLEBEHAIDER.cs using Guid(8cc24ff91ffa41040a6a3f006f76681e) Importer(815301076,1909f56bfc062723c751e8b465ee728b)  -> (artifact id: '817760aaaa994285e925e560a13aa6be') in 0.004767 seconds 
========================================================================
Received Prepare
Registering precompiled user dll's ...
Registered in 0.010711 seconds.
Begin MonoManager ReloadAssembly
Symbol file LoadedFromMemory doesn't match image C:\Users\prive\OneDrive\Документы\GitHub\-\MapDungeon1\Library\PackageCache\com.unity.visualscripting@1.8.0\Editor\VisualScripting.Core\Dependencies\YamlDotNet\Unity.VisualScripting.YamlDotNet.dll
Symbol file LoadedFromMemory doesn't match image C:\Users\prive\OneDrive\Документы\GitHub\-\MapDungeon1\Library\PackageCache\com.unity.visualscripting@1.8.0\Editor\VisualScripting.Core\Dependencies\DotNetZip\Unity.VisualScripting.IonicZip.dll
Native extension for WindowsStandalone target not found
Native extension for WebGL target not found
Refreshing native plugins compatible for Editor in 0.75 ms, found 3 plugins.
Preloading 0 native plugins for Editor in 0.00 ms.
Mono: successfully reloaded assembly
- Completed reload, in  6.445 seconds
Domain Reload Profiling:
	ReloadAssembly (6453ms)
		BeginReloadAssembly (2258ms)
			ExecutionOrderSort (0ms)
			DisableScriptedObjects (70ms)
			BackupInstance (0ms)
			ReleaseScriptingObjects (0ms)
			CreateAndSetChildDomain (861ms)
		EndReloadAssembly (3351ms)
			LoadAssemblies (1121ms)
			RebuildTransferFunctionScriptingTraits (0ms)
			SetupTypeCache (2041ms)
			ReleaseScriptCaches (2ms)
			RebuildScriptCaches (91ms)
			SetupLoadedEditorAssemblies (662ms)
				LogAssemblyErrors (0ms)
				InitializePlatformSupportModulesInManaged (28ms)
				SetLoadedEditorAssemblies (2ms)
				RefreshPlugins (1ms)
				BeforeProcessingInitializeOnLoad (186ms)
				ProcessInitializeOnLoadAttributes (385ms)
				ProcessInitializeOnLoadMethodAttributes (39ms)
				AfterProcessingInitializeOnLoad (21ms)
				EditorAssembliesLoaded (0ms)
			ExecutionOrderSort2 (0ms)
			AwakeInstancesAfterBackupRestoration (14ms)
Platform modules already initialized, skipping
Refreshing native plugins compatible for Editor in 7.30 ms, found 3 plugins.
Preloading 0 native plugins for Editor in 0.00 ms.
Unloading 3120 Unused Serialized files (Serialized files now loaded: 0)
Unloading 17 unused Assets / (80.4 KB). Loaded Objects now: 3598.
Memory consumption went from 127.1 MB to 127.0 MB.
Total: 7.093700 ms (FindLiveObjects: 0.426400 ms CreateObjectMapping: 0.156700 ms MarkObjects: 6.068100 ms  DeleteObjects: 0.439800 ms)

AssetImportParameters requested are different than current active one (requested -> active):
  custom:video-decoder-ogg-theora: a1e56fd34408186e4bbccfd4996cb3dc -> 
  custom:container-muxer-webm: aa71ff27fc2769a1b78a27578f13a17b -> 
  custom:container-demuxer-webm: 4f35f7cbe854078d1ac9338744f61a02 -> 
  custom:video-encoder-webm-vp8: eb34c28f22e8b96e1ab97ce403110664 -> 
  custom:audio-encoder-webm-vorbis: bf7c407c2cedff20999df2af8eb42d56 -> 
  custom:framework-win-MediaFoundation: 216162199b28c13a410421893ffa2e32 -> 
  custom:container-demuxer-ogg: 62fdf1f143b41e24485cea50d1cbac27 -> 
  custom:video-decoder-webm-vp8: 9c59270c3fd7afecdb556c50c9e8de78 -> 
  custom:audio-decoder-ogg-vorbis: bf7c407c2cedff20999df2af8eb42d56 -> 
